# JRE version: OpenJDK Runtime Environment (21.0.5) (build 21.0.5+-12932927-b750.29)
# Java VM: OpenJDK 64-Bit Server VM (21.0.5+-12932927-b750.29, mixed mode, tiered, compressed oops, compressed class ptrs, g1 gc, windows-amd64)
GC Precious Log:
 CardTable entry size: 512
 Card Set container configuration: InlinePtr #cards 5 size 8 Array Of Cards #cards 12 size 40 Howl #buckets 4 coarsen threshold 1843 Howl Bitmap #cards 512 size 80 coarsen threshold 460 Card regions per heap region 1 cards per card region 2048
 CPUs: 12 total, 12 available
 Memory: 7971M
 Large Page Support: Disabled
 NUMA Support: Disabled
 Compressed Oops: Enabled (32-bit)
 Heap Region Size: 1M
 Heap Min Capacity: 8M
 Heap Initial Capacity: 126M
 Heap Max Capacity: 2G
 Pre-touch: Disabled
 Parallel Workers: 10
 Concurrent Workers: 3
 Concurrent Refinement Workers: 10
 Periodic GC: Disabled
Heap:
 garbage-first heap   total 171008K, used 130956K [0x0000000080000000, 0x0000000100000000)
  region size 1024K, 46 young (47104K), 9 survivors (9216K)
 Metaspace       used 111538K, committed 113664K, reserved 1179648K
  class space    used 15074K, committed 16128K, reserved 1048576K
GC Heap History (20 events):
Event: 18.969 GC heap before
{Heap before GC invocations=29 (full 0):
 garbage-first heap   total 128000K, used 106825K [0x0000000080000000, 0x0000000100000000)
  region size 1024K, 44 young (45056K), 3 survivors (3072K)
 Metaspace       used 83857K, committed 85696K, reserved 1179648K
  class space    used 11189K, committed 12096K, reserved 1048576K
}
Event: 18.972 GC heap after
{Heap after GC invocations=30 (full 0):
 garbage-first heap   total 128000K, used 66727K [0x0000000080000000, 0x0000000100000000)
  region size 1024K, 5 young (5120K), 5 survivors (5120K)
 Metaspace       used 83857K, committed 85696K, reserved 1179648K
  class space    used 11189K, committed 12096K, reserved 1048576K
}
Event: 19.295 GC heap before
{Heap before GC invocations=31 (full 0):
 garbage-first heap   total 128000K, used 114855K [0x0000000080000000, 0x0000000100000000)
  region size 1024K, 47 young (48128K), 5 survivors (5120K)
 Metaspace       used 86238K, committed 88128K, reserved 1179648K
  class space    used 11517K, committed 12416K, reserved 1048576K
}
Event: 19.299 GC heap after
{Heap after GC invocations=32 (full 0):
 garbage-first heap   total 128000K, used 72046K [0x0000000080000000, 0x0000000100000000)
  region size 1024K, 6 young (6144K), 6 survivors (6144K)
 Metaspace       used 86238K, committed 88128K, reserved 1179648K
  class space    used 11517K, committed 12416K, reserved 1048576K
}
Event: 19.631 GC heap before
{Heap before GC invocations=32 (full 0):
 garbage-first heap   total 128000K, used 110958K [0x0000000080000000, 0x0000000100000000)
  region size 1024K, 45 young (46080K), 6 survivors (6144K)
 Metaspace       used 89089K, committed 90944K, reserved 1179648K
  class space    used 11875K, committed 12800K, reserved 1048576K
}
Event: 19.636 GC heap after
{Heap after GC invocations=33 (full 0):
 garbage-first heap   total 128000K, used 76344K [0x0000000080000000, 0x0000000100000000)
  region size 1024K, 5 young (5120K), 5 survivors (5120K)
 Metaspace       used 89089K, committed 90944K, reserved 1179648K
  class space    used 11875K, committed 12800K, reserved 1048576K
}
Event: 19.912 GC heap before
{Heap before GC invocations=33 (full 0):
 garbage-first heap   total 128000K, used 113208K [0x0000000080000000, 0x0000000100000000)
  region size 1024K, 41 young (41984K), 5 survivors (5120K)
 Metaspace       used 91340K, committed 93248K, reserved 1179648K
  class space    used 12162K, committed 13120K, reserved 1048576K
}
Event: 19.915 GC heap after
{Heap after GC invocations=34 (full 0):
 garbage-first heap   total 128000K, used 78028K [0x0000000080000000, 0x0000000100000000)
  region size 1024K, 4 young (4096K), 4 survivors (4096K)
 Metaspace       used 91340K, committed 93248K, reserved 1179648K
  class space    used 12162K, committed 13120K, reserved 1048576K
}
Event: 20.260 GC heap before
{Heap before GC invocations=35 (full 0):
 garbage-first heap   total 132096K, used 113868K [0x0000000080000000, 0x0000000100000000)
  region size 1024K, 39 young (39936K), 4 survivors (4096K)
 Metaspace       used 94040K, committed 96000K, reserved 1179648K
  class space    used 12579K, committed 13568K, reserved 1048576K
}
Event: 20.262 GC heap after
{Heap after GC invocations=36 (full 0):
 garbage-first heap   total 132096K, used 79602K [0x0000000080000000, 0x0000000100000000)
  region size 1024K, 2 young (2048K), 2 survivors (2048K)
 Metaspace       used 94040K, committed 96000K, reserved 1179648K
  class space    used 12579K, committed 13568K, reserved 1048576K
}
Event: 20.638 GC heap before
{Heap before GC invocations=36 (full 0):
 garbage-first heap   total 132096K, used 118514K [0x0000000080000000, 0x0000000100000000)
  region size 1024K, 40 young (40960K), 2 survivors (2048K)
 Metaspace       used 97253K, committed 99136K, reserved 1179648K
  class space    used 13131K, committed 14080K, reserved 1048576K
}
Event: 20.642 GC heap after
{Heap after GC invocations=37 (full 0):
 garbage-first heap   total 132096K, used 80125K [0x0000000080000000, 0x0000000100000000)
  region size 1024K, 3 young (3072K), 3 survivors (3072K)
 Metaspace       used 97253K, committed 99136K, reserved 1179648K
  class space    used 13131K, committed 14080K, reserved 1048576K
}
Event: 21.040 GC heap before
{Heap before GC invocations=37 (full 0):
 garbage-first heap   total 132096K, used 120061K [0x0000000080000000, 0x0000000100000000)
  region size 1024K, 42 young (43008K), 3 survivors (3072K)
 Metaspace       used 100511K, committed 102464K, reserved 1179648K
  class space    used 13596K, committed 14592K, reserved 1048576K
}
Event: 21.044 GC heap after
{Heap after GC invocations=38 (full 0):
 garbage-first heap   total 132096K, used 82656K [0x0000000080000000, 0x0000000100000000)
  region size 1024K, 6 young (6144K), 6 survivors (6144K)
 Metaspace       used 100511K, committed 102464K, reserved 1179648K
  class space    used 13596K, committed 14592K, reserved 1048576K
}
Event: 21.379 GC heap before
{Heap before GC invocations=39 (full 0):
 garbage-first heap   total 140288K, used 116448K [0x0000000080000000, 0x0000000100000000)
  region size 1024K, 39 young (39936K), 6 survivors (6144K)
 Metaspace       used 103003K, committed 105024K, reserved 1179648K
  class space    used 14036K, committed 15040K, reserved 1048576K
}
Event: 21.383 GC heap after
{Heap after GC invocations=40 (full 0):
 garbage-first heap   total 140288K, used 84070K [0x0000000080000000, 0x0000000100000000)
  region size 1024K, 4 young (4096K), 4 survivors (4096K)
 Metaspace       used 103003K, committed 105024K, reserved 1179648K
  class space    used 14036K, committed 15040K, reserved 1048576K
}
Event: 21.739 GC heap before
{Heap before GC invocations=40 (full 0):
 garbage-first heap   total 140288K, used 126054K [0x0000000080000000, 0x0000000100000000)
  region size 1024K, 46 young (47104K), 4 survivors (4096K)
 Metaspace       used 106553K, committed 108608K, reserved 1179648K
  class space    used 14492K, committed 15552K, reserved 1048576K
}
Event: 21.745 GC heap after
{Heap after GC invocations=41 (full 0):
 garbage-first heap   total 168960K, used 86374K [0x0000000080000000, 0x0000000100000000)
  region size 1024K, 5 young (5120K), 5 survivors (5120K)
 Metaspace       used 106553K, committed 108608K, reserved 1179648K
  class space    used 14492K, committed 15552K, reserved 1048576K
}
Event: 22.445 GC heap before
{Heap before GC invocations=41 (full 0):
 garbage-first heap   total 168960K, used 156006K [0x0000000080000000, 0x0000000100000000)
  region size 1024K, 69 young (70656K), 5 survivors (5120K)
 Metaspace       used 111480K, committed 113600K, reserved 1179648K
  class space    used 15071K, committed 16128K, reserved 1048576K
}
Event: 22.453 GC heap after
{Heap after GC invocations=42 (full 0):
 garbage-first heap   total 171008K, used 95116K [0x0000000080000000, 0x0000000100000000)
  region size 1024K, 9 young (9216K), 9 survivors (9216K)
 Metaspace       used 111480K, committed 113600K, reserved 1179648K
  class space    used 15071K, committed 16128K, reserved 1048576K
}

